[debug] [2024-12-18T16:08:28.811Z] ----------------------------------------------------------------------
[debug] [2024-12-18T16:08:28.814Z] Command:       C:\Program Files\nodejs\node.exe C:\Users\DELL\AppData\Roaming\npm\node_modules\firebase-tools\lib\bin\firebase.js init
[debug] [2024-12-18T16:08:28.814Z] CLI Version:   13.23.1
[debug] [2024-12-18T16:08:28.814Z] Platform:      win32
[debug] [2024-12-18T16:08:28.814Z] Node Version:  v20.13.1
[debug] [2024-12-18T16:08:28.815Z] Time:          Wed Dec 18 2024 21:38:28 GMT+0530 (India Standard Time)
[debug] [2024-12-18T16:08:28.815Z] ----------------------------------------------------------------------
[debug] 
[debug] [2024-12-18T16:08:28.818Z] >>> [apiv2][query] GET https://firebase-public.firebaseio.com/cli.json [none]
[debug] [2024-12-18T16:08:28.866Z] > command requires scopes: ["email","openid","https://www.googleapis.com/auth/cloudplatformprojects.readonly","https://www.googleapis.com/auth/firebase","https://www.googleapis.com/auth/cloud-platform"]
[debug] [2024-12-18T16:08:28.866Z] > authorizing via signed-in user (yogeshcse45@gmail.com)
[info] 
     ######## #### ########  ######## ########     ###     ######  ########
     ##        ##  ##     ## ##       ##     ##  ##   ##  ##       ##
     ######    ##  ########  ######   ########  #########  ######  ######
     ##        ##  ##    ##  ##       ##     ## ##     ##       ## ##
     ##       #### ##     ## ######## ########  ##     ##  ######  ########

You're about to initialize a Firebase project in this directory:

  D:\Code\EasyFarm-app\easyfarm

[debug] [2024-12-18T16:08:36.466Z] <<< [apiv2][status] GET https://firebase-public.firebaseio.com/cli.json 200
[debug] [2024-12-18T16:08:36.466Z] <<< [apiv2][body] GET https://firebase-public.firebaseio.com/cli.json {"cloudBuildErrorAfter":1594252800000,"cloudBuildWarnAfter":1590019200000,"defaultNode10After":1594252800000,"minVersion":"3.0.5","node8DeploysDisabledAfter":1613390400000,"node8RuntimeDisabledAfter":1615809600000,"node8WarnAfter":1600128000000}
